Tue Apr  1 09:26:04 PM +07 2025: Listed files in /home/veysean/Project
Tue Apr  1 09:27:04 PM +07 2025: Compressed wildcard_lab to Project
Tue Apr  1 09:32:19 PM +07 2025: Listed file ./Project
Tue Apr  1 09:32:37 PM +07 2025: Invalid path entered: ./test.txt
Tue Apr  1 09:33:03 PM +07 2025: Invalid path entered: text.txt
Tue Apr  1 09:33:31 PM +07 2025: Invalid path entered: /text.txt
Tue Apr  1 09:36:07 PM +07 2025: Listed file /home/veysean/ls-test1.txt
Tue Apr  1 09:36:43 PM +07 2025: Compressed /home/veysean/wildcard_lab to /home/veysean/Project
Tue Apr  1 09:40:33 PM +07 2025: Compressed /home/veysean/Python to /home/veysean/text.txt
Tue Apr  1 09:46:30 PM +07 2025: Compressed /home/veysean/logs to /home/veysean/Project/testing.tar.gz
2025-04-02 16:05:43 - 
2025-04-02 16:06:44 - 
2025-04-02 16:12:14 - 
2025-04-02 16:12:35 - Listed directories in /home/veysean/Project
<<<<<<< HEAD
2025-04-02 21:44:15 - 
2025-04-02 21:44:15 - 
2025-04-02 21:45:11 - Compressed /home/veysean/logs to /home/veysean/Project
2025-04-02 21:46:51 - Compressed /home/veysean/logs to /home/veysean/Project/testing1.tar.gz
2025-04-02 21:55:40 - 
=======
2025-04-02 21:41:56 - 
2025-04-02 21:42:24 - Counted files in /home/chanlinna/OS-file_directory_management
2025-04-02 21:43:09 - 
2025-04-02 21:44:58 - 
2025-04-02 21:45:14 - Counted files in /home/chanlinna/Nonexist
2025-04-02 21:48:00 - 
2025-04-02 21:48:04 - COunted files in home/ydwgv
2025-04-02 21:49:25 - 
2025-04-02 21:50:23 - 
2025-04-02 21:50:25 - Counted files in hfbdahv
>>>>>>> origin
2025-04-02 23:23:42 - 
2025-04-02 23:27:37 - 
2025-04-02 23:29:42 - 
2025-04-02 23:30:18 - Checked disk usage of /home/chanaliza-in/OS-file_directory_management
